<?xml version="1.0" encoding="UTF-8"?>
<!-- Generated by org.testng.reporters.JUnitXMLReporter -->
<testsuite ignored="9" hostname="Sudhir" failures="1" tests="25" name="Test" time="163.286" errors="0" timestamp="2022-11-04T17:02:56 IST">
  <testcase classname="TestCases.CartPageTest" name="CheckoutMethod" time="0.477"/>
  <testcase classname="TestCases.CartPageTest" name="removeMethodTest" time="1.799"/>
  <testcase classname="TestCases.CartPageTest" name="verifyContentTest" time="0.478"/>
  <testcase classname="TestCases.CartPageTest" name="verifyOnesieLableTest" time="1.081"/>
  <testcase classname="TestCases.CheckOutPage2Test" name="FinishMethodTest" time="1.578"/>
  <testcase classname="TestCases.CheckOutPage2Test" name="verifycompleteCheckOutLableTest" time="1.906"/>
  <testcase classname="TestCases.CheckOutPage2Test" name="verifycompleteCheckOutUrlTest" time="1.63"/>
  <testcase classname="TestCases.CompleteCheckoutPageTest" name="verifyPonyExpressLogoTest" time="1.635">
    <failure type="java.lang.AssertionError" message="expected [true] but found [false]">
      <![CDATA[java.lang.AssertionError: expected [true] but found [false]
at TestCases.CompleteCheckoutPageTest.verifyPonyExpressLogoTest(CompleteCheckoutPageTest.java:76)
at java.base/java.util.ArrayList.forEach(ArrayList.java:1541)
... Removed 33 stack frames]]>
    </failure>
  </testcase> <!-- verifyPonyExpressLogoTest -->
  <testcase classname="TestCases.CompleteCheckoutPageTest" name="verifytextLableTest" time="1.545"/>
  <testcase classname="TestCases.CompleteCheckoutPageTest" name="verifythankyouLableTest" time="1.586"/>
  <testcase classname="TestCases.IntoryPageFullTest" name="add6ProductTest" time="1.177"/>
  <testcase classname="TestCases.IntoryPageFullTest" name="addToCartProTest" time="0.419"/>
  <testcase classname="TestCases.IntoryPageFullTest" name="verifyBiglogoTest" time="0.454"/>
  <testcase classname="TestCases.IntoryPageFullTest" name="verifyNextPageLableTest" time="0.452"/>
  <testcase classname="TestCases.IntoryPageFullTest" name="verifyNextPageUrltest" time="0.36"/>
  <testcase classname="TestCases.IntoryPageFullTest" name="verifySmalllogoTest" time="0.382"/>
  <testcase classname="TestCases.IntoryPageFullTest" name="verifyTwitterlogoTest" time="0.391"/>
  <testcase classname="TestCases.IntoryPageFullTest" name="verifyfblogoTest" time="0.415"/>
  <testcase classname="TestCases.IntoryPageFullTest" name="verifylinkdnlogoTest" time="0.401"/>
  <testcase classname="TestCases.LogoutPageTest" name="threelineBoxTest" time="7.144"/>
  <testcase classname="TestCases.LogoutPageTest" name="verifyLoginPageLogo" time="6.842"/>
  <testcase classname="TestCases.LoginPageTest" name="loginAppTest1" time="0.418"/>
  <testcase classname="TestCases.CheckOutPage1Test" name="detailInfoTest" time="1.318"/>
  <testcase classname="TestCases.CheckOutPage1Test" name="verifyCheckout2PageUrlTest" time="1.872"/>
  <testcase classname="TestCases.CheckOutPage1Test" name="verifyCheckoutlableTest" time="1.567"/>
  <testcase classname="TestCases.LoginPageTest" name="verifyUrlTest" time="0.0">
    <ignored/>
  </testcase> <!-- verifyUrlTest -->
  <testcase classname="TestCases.LoginPageTest" name="verifyTitleTest" time="0.0">
    <ignored/>
  </testcase> <!-- verifyTitleTest -->
  <testcase classname="TestCases.CheckOutPage2Test" name="verifypaymentLablesTest" time="0.0">
    <ignored/>
  </testcase> <!-- verifypaymentLablesTest -->
  <testcase classname="TestCases.LoginPageTest" name="loginAppTest2" time="0.0">
    <ignored/>
  </testcase> <!-- loginAppTest2 -->
  <testcase classname="TestCases.CheckOutPage2Test" name="verifydeliveryTest" time="0.0">
    <ignored/>
  </testcase> <!-- verifydeliveryTest -->
  <testcase classname="TestCases.CheckOutPage2Test" name="verifytaxLableTest" time="0.0">
    <ignored/>
  </testcase> <!-- verifytaxLableTest -->
  <testcase classname="TestCases.LoginPageTest" name="thirdlogoTest" time="0.0">
    <ignored/>
  </testcase> <!-- thirdlogoTest -->
  <testcase classname="TestCases.LoginPageTest" name="secondlogoTest" time="0.0">
    <ignored/>
  </testcase> <!-- secondlogoTest -->
  <testcase classname="TestCases.CheckOutPage2Test" name="verifytotalLableTest" time="0.0">
    <ignored/>
  </testcase> <!-- verifytotalLableTest -->
</testsuite> <!-- Test -->
