<html>
<head>
<title>TestNG:  Test</title>
<link href="../testng.css" rel="stylesheet" type="text/css" />
<link href="../my-testng.css" rel="stylesheet" type="text/css" />

<style type="text/css">
.log { display: none;} 
.stack-trace { display: none;} 
</style>
<script type="text/javascript">
<!--
function flip(e) {
  current = e.style.display;
  if (current == 'block') {
    e.style.display = 'none';
    return 0;
  }
  else {
    e.style.display = 'block';
    return 1;
  }
}

function toggleBox(szDivId, elem, msg1, msg2)
{
  var res = -1;  if (document.getElementById) {
    res = flip(document.getElementById(szDivId));
  }
  else if (document.all) {
    // this is the way old msie versions work
    res = flip(document.all[szDivId]);
  }
  if(elem) {
    if(res == 0) elem.innerHTML = msg1; else elem.innerHTML = msg2;
  }

}

function toggleAllBoxes() {
  if (document.getElementsByTagName) {
    d = document.getElementsByTagName('div');
    for (i = 0; i < d.length; i++) {
      if (d[i].className == 'log') {
        flip(d[i]);
      }
    }
  }
}

// -->
</script>

</head>
<body>
<h2 align='center'>Test</h2><table border='1' align="center">
<tr>
<td>Tests passed/Failed/Skipped:</td><td>24/1/0</td>
</tr><tr>
<td>Started on:</td><td>Fri Nov 04 17:00:12 IST 2022</td>
</tr>
<tr><td>Total time:</td><td>163 seconds (163286 ms)</td>
</tr><tr>
<td>Included groups:</td><td></td>
</tr><tr>
<td>Excluded groups:</td><td></td>
</tr>
</table><p/>
<small><i>(Hover the method name to see the test class name)</i></small><p/>
<table width='100%' border='1' class='invocation-failed'>
<tr><td colspan='4' align='center'><b>FAILED TESTS</b></td></tr>
<tr><td><b>Test method</b></td>
<td width="30%"><b>Exception</b></td>
<td width="10%"><b>Time (seconds)</b></td>
<td><b>Instance</b></td>
</tr>
<tr>
<td title='TestCases.CompleteCheckoutPageTest.verifyPonyExpressLogoTest()'><b>verifyPonyExpressLogoTest</b><br>Test class: TestCases.CompleteCheckoutPageTest</td>
<td><div><pre>java.lang.AssertionError: expected [true] but found [false]
	at TestCases.CompleteCheckoutPageTest.verifyPonyExpressLogoTest(CompleteCheckoutPageTest.java:76)
	at java.base/java.util.ArrayList.forEach(ArrayList.java:1541)
... Removed 33 stack frames</pre></div><a href='#' onClick='toggleBox("stack-trace155129334", this, "Click to show all stack frames", "Click to hide stack frames")'>Click to show all stack frames</a>
<div class='stack-trace' id='stack-trace155129334'><pre>java.lang.AssertionError: expected [true] but found [false]
	at org.testng.Assert.fail(Assert.java:110)
	at org.testng.Assert.failNotEquals(Assert.java:1413)
	at org.testng.Assert.assertEqualsImpl(Assert.java:149)
	at org.testng.Assert.assertEquals(Assert.java:131)
	at org.testng.Assert.assertEquals(Assert.java:976)
	at org.testng.Assert.assertEquals(Assert.java:1010)
	at TestCases.CompleteCheckoutPageTest.verifyPonyExpressLogoTest(CompleteCheckoutPageTest.java:76)
	at java.base/jdk.internal.reflect.NativeMethodAccessorImpl.invoke0(Native Method)
	at java.base/jdk.internal.reflect.NativeMethodAccessorImpl.invoke(NativeMethodAccessorImpl.java:62)
	at java.base/jdk.internal.reflect.DelegatingMethodAccessorImpl.invoke(DelegatingMethodAccessorImpl.java:43)
	at java.base/java.lang.reflect.Method.invoke(Method.java:566)
	at org.testng.internal.invokers.MethodInvocationHelper.invokeMethod(MethodInvocationHelper.java:135)
	at org.testng.internal.invokers.TestInvoker.invokeMethod(TestInvoker.java:673)
	at org.testng.internal.invokers.TestInvoker.invokeTestMethod(TestInvoker.java:220)
	at org.testng.internal.invokers.MethodRunner.runInSequence(MethodRunner.java:50)
	at org.testng.internal.invokers.TestInvoker$MethodInvocationAgent.invoke(TestInvoker.java:945)
	at org.testng.internal.invokers.TestInvoker.invokeTestMethods(TestInvoker.java:193)
	at org.testng.internal.invokers.TestMethodWorker.invokeTestMethods(TestMethodWorker.java:146)
	at org.testng.internal.invokers.TestMethodWorker.run(TestMethodWorker.java:128)
	at java.base/java.util.ArrayList.forEach(ArrayList.java:1541)
	at org.testng.TestRunner.privateRun(TestRunner.java:808)
	at org.testng.TestRunner.run(TestRunner.java:603)
	at org.testng.SuiteRunner.runTest(SuiteRunner.java:429)
	at org.testng.SuiteRunner.runSequentially(SuiteRunner.java:423)
	at org.testng.SuiteRunner.privateRun(SuiteRunner.java:383)
	at org.testng.SuiteRunner.run(SuiteRunner.java:326)
	at org.testng.SuiteRunnerWorker.runSuite(SuiteRunnerWorker.java:52)
	at org.testng.SuiteRunnerWorker.run(SuiteRunnerWorker.java:95)
	at org.testng.TestNG.runSuitesSequentially(TestNG.java:1249)
	at org.testng.TestNG.runSuitesLocally(TestNG.java:1169)
	at org.testng.TestNG.runSuites(TestNG.java:1092)
	at org.testng.TestNG.run(TestNG.java:1060)
	at org.testng.remote.AbstractRemoteTestNG.run(AbstractRemoteTestNG.java:115)
	at org.testng.remote.RemoteTestNG.initAndRun(RemoteTestNG.java:251)
	at org.testng.remote.RemoteTestNG.main(RemoteTestNG.java:77)
</pre></div></td>
<td>1</td>
<td>TestCases.CompleteCheckoutPageTest@6d4d66d2</td></tr>
</table><p>
<table width='100%' border='1' class='invocation-passed'>
<tr><td colspan='4' align='center'><b>PASSED TESTS</b></td></tr>
<tr><td><b>Test method</b></td>
<td width="30%"><b>Exception</b></td>
<td width="10%"><b>Time (seconds)</b></td>
<td><b>Instance</b></td>
</tr>
<tr>
<td title='TestCases.IntoryPageFullTest.verifyBiglogoTest()'><b>verifyBiglogoTest</b><br>Test class: TestCases.IntoryPageFullTest</td>
<td></td>
<td>0</td>
<td>TestCases.IntoryPageFullTest@2a265ea9</td></tr>
<tr>
<td title='TestCases.CartPageTest.removeMethodTest()'><b>removeMethodTest</b><br>Test class: TestCases.CartPageTest</td>
<td></td>
<td>1</td>
<td>TestCases.CartPageTest@2e3967ea</td></tr>
<tr>
<td title='TestCases.LogoutPageTest.threelineBoxTest()'><b>threelineBoxTest</b><br>Test class: TestCases.LogoutPageTest</td>
<td></td>
<td>7</td>
<td>TestCases.LogoutPageTest@11392934</td></tr>
<tr>
<td title='TestCases.LoginPageTest.loginAppTest1()'><b>loginAppTest1</b><br>Test class: TestCases.LoginPageTest</td>
<td></td>
<td>0</td>
<td>TestCases.LoginPageTest@6892b3b6</td></tr>
<tr>
<td title='TestCases.IntoryPageFullTest.verifyNextPageUrltest()'><b>verifyNextPageUrltest</b><br>Test class: TestCases.IntoryPageFullTest</td>
<td></td>
<td>0</td>
<td>TestCases.IntoryPageFullTest@2a265ea9</td></tr>
<tr>
<td title='TestCases.IntoryPageFullTest.verifyNextPageLableTest()'><b>verifyNextPageLableTest</b><br>Test class: TestCases.IntoryPageFullTest</td>
<td></td>
<td>0</td>
<td>TestCases.IntoryPageFullTest@2a265ea9</td></tr>
<tr>
<td title='TestCases.CartPageTest.verifyOnesieLableTest()'><b>verifyOnesieLableTest</b><br>Test class: TestCases.CartPageTest</td>
<td></td>
<td>1</td>
<td>TestCases.CartPageTest@2e3967ea</td></tr>
<tr>
<td title='TestCases.CompleteCheckoutPageTest.verifythankyouLableTest()'><b>verifythankyouLableTest</b><br>Test class: TestCases.CompleteCheckoutPageTest</td>
<td></td>
<td>1</td>
<td>TestCases.CompleteCheckoutPageTest@6d4d66d2</td></tr>
<tr>
<td title='TestCases.IntoryPageFullTest.addToCartProTest()'><b>addToCartProTest</b><br>Test class: TestCases.IntoryPageFullTest</td>
<td></td>
<td>0</td>
<td>TestCases.IntoryPageFullTest@2a265ea9</td></tr>
<tr>
<td title='TestCases.IntoryPageFullTest.add6ProductTest()'><b>add6ProductTest</b><br>Test class: TestCases.IntoryPageFullTest</td>
<td></td>
<td>1</td>
<td>TestCases.IntoryPageFullTest@2a265ea9</td></tr>
<tr>
<td title='TestCases.CheckOutPage1Test.verifyCheckoutlableTest()'><b>verifyCheckoutlableTest</b><br>Test class: TestCases.CheckOutPage1Test</td>
<td></td>
<td>1</td>
<td>TestCases.CheckOutPage1Test@2e8c1c9b</td></tr>
<tr>
<td title='TestCases.IntoryPageFullTest.verifyfblogoTest()'><b>verifyfblogoTest</b><br>Test class: TestCases.IntoryPageFullTest</td>
<td></td>
<td>0</td>
<td>TestCases.IntoryPageFullTest@2a265ea9</td></tr>
<tr>
<td title='TestCases.CartPageTest.verifyContentTest()'><b>verifyContentTest</b><br>Test class: TestCases.CartPageTest</td>
<td></td>
<td>0</td>
<td>TestCases.CartPageTest@2e3967ea</td></tr>
<tr>
<td title='TestCases.CheckOutPage2Test.verifycompleteCheckOutUrlTest()'><b>verifycompleteCheckOutUrlTest</b><br>Test class: TestCases.CheckOutPage2Test</td>
<td></td>
<td>1</td>
<td>TestCases.CheckOutPage2Test@54c5a2ff</td></tr>
<tr>
<td title='TestCases.CheckOutPage2Test.verifycompleteCheckOutLableTest()'><b>verifycompleteCheckOutLableTest</b><br>Test class: TestCases.CheckOutPage2Test</td>
<td></td>
<td>1</td>
<td>TestCases.CheckOutPage2Test@54c5a2ff</td></tr>
<tr>
<td title='TestCases.CheckOutPage1Test.verifyCheckout2PageUrlTest()'><b>verifyCheckout2PageUrlTest</b><br>Test class: TestCases.CheckOutPage1Test</td>
<td></td>
<td>1</td>
<td>TestCases.CheckOutPage1Test@2e8c1c9b</td></tr>
<tr>
<td title='TestCases.IntoryPageFullTest.verifyTwitterlogoTest()'><b>verifyTwitterlogoTest</b><br>Test class: TestCases.IntoryPageFullTest</td>
<td></td>
<td>0</td>
<td>TestCases.IntoryPageFullTest@2a265ea9</td></tr>
<tr>
<td title='TestCases.CartPageTest.CheckoutMethod()'><b>CheckoutMethod</b><br>Test class: TestCases.CartPageTest</td>
<td></td>
<td>0</td>
<td>TestCases.CartPageTest@2e3967ea</td></tr>
<tr>
<td title='TestCases.CompleteCheckoutPageTest.verifytextLableTest()'><b>verifytextLableTest</b><br>Test class: TestCases.CompleteCheckoutPageTest</td>
<td></td>
<td>1</td>
<td>TestCases.CompleteCheckoutPageTest@6d4d66d2</td></tr>
<tr>
<td title='TestCases.LogoutPageTest.verifyLoginPageLogo()'><b>verifyLoginPageLogo</b><br>Test class: TestCases.LogoutPageTest</td>
<td></td>
<td>6</td>
<td>TestCases.LogoutPageTest@11392934</td></tr>
<tr>
<td title='TestCases.IntoryPageFullTest.verifylinkdnlogoTest()'><b>verifylinkdnlogoTest</b><br>Test class: TestCases.IntoryPageFullTest</td>
<td></td>
<td>0</td>
<td>TestCases.IntoryPageFullTest@2a265ea9</td></tr>
<tr>
<td title='TestCases.IntoryPageFullTest.verifySmalllogoTest()'><b>verifySmalllogoTest</b><br>Test class: TestCases.IntoryPageFullTest</td>
<td></td>
<td>0</td>
<td>TestCases.IntoryPageFullTest@2a265ea9</td></tr>
<tr>
<td title='TestCases.CheckOutPage1Test.detailInfoTest()'><b>detailInfoTest</b><br>Test class: TestCases.CheckOutPage1Test</td>
<td></td>
<td>1</td>
<td>TestCases.CheckOutPage1Test@2e8c1c9b</td></tr>
<tr>
<td title='TestCases.CheckOutPage2Test.FinishMethodTest()'><b>FinishMethodTest</b><br>Test class: TestCases.CheckOutPage2Test</td>
<td></td>
<td>1</td>
<td>TestCases.CheckOutPage2Test@54c5a2ff</td></tr>
</table><p>
</body>
</html>